
PLY file format.
Vertices: 8 Polygons: 12
Origin: (-0.300000 -0.300000 -0.300000), Dimension: 1.600000
Manifold table built.

Scan converting to depth 3...
Time taken: 0.000000 seconds                   
Patching...
Time taken: 0.000000 seconds 
Building signs...
Time taken: 0.000000 seconds 

Writing signed octree with geometry.
Grid dimension: 8
Start reading .SOF file d:\codes\My Projects\voxelvoro\data\cube\cube_5.sog
------- creating octree -------- 
octree res = 8
bbox len in mesh space: 1.6
scale factor: 0.2
lower left: (-0.3, -0.3, -0.3)
(handmade)mesh to vox space transformation: 5 0 0 1.5
0 5 0 1.5
0 0 5 1.5
0 0 0 1

(auto)mesh to vox space transformation: 5 0 0 1.5
0 5 0 1.5
0 0 5 1.5
0 0 0 1

octree constructed. Leaf/empty/internal: 152/304/65

Done: volume file reading.
average = 3.738046 max = 6
23 is the longest
cycle table set.
getting boundary voxels...
# leaves with all 0s/1s: 0/0
# boundary voxels obtained: 316
all boundary bits extracted.
Opening d:\codes\My Projects\voxelvoro\data\cube\cube_5.node.
Delaunizing vertices...
Delaunay seconds:  0.002

NOT writing a .node file.
NOT writing an .ele file.
NOT writing an .face file.
NOT writing an .edge file.
Writing d:\codes\My Projects\voxelvoro\data\cube\cube_5.1.v.node.
Writing d:\codes\My Projects\voxelvoro\data\cube\cube_5.1.v.edge.
Writing d:\codes\My Projects\voxelvoro\data\cube\cube_5.1.v.face.
Writing d:\codes\My Projects\voxelvoro\data\cube\cube_5.1.v.cell.

Output seconds:  0.032
Total running seconds:  0.034

Statistics:

  Input points: 152

  Mesh points: 152
  Mesh tetrahedra: 360
  Mesh faces: 870
  Mesh edges: 661
  Convex hull faces: 300

Reading a volume file: d:\codes\My Projects\voxelvoro\data\cube\cube_5.sog
Start reading .SOF file d:\codes\My Projects\voxelvoro\data\cube\cube_5.sog
------- creating octree -------- 
octree res = 8
bbox len in mesh space: 1.6
scale factor: 0.2
lower left: (-0.3, -0.3, -0.3)
(handmade)mesh to vox space transformation: 5 0 0 1.5
0 5 0 1.5
0 0 5 1.5
0 0 0 1

(auto)mesh to vox space transformation: 5 0 0 1.5
0 5 0 1.5
0 0 5 1.5
0 0 0 1

octree constructed. Leaf/empty/internal: 152/304/65

Done: volume file reading.
Reading voroinfo ...
Reading voro info from tetgen files... 
Reading sites positions from file... 
Done: 152 sites positions read. 
.v.node file processed.
.v.edge file processed.
.v.face file processed.
done: 152 site positions inserted to kdtree.
radii estimated.
.v.cell file processed.
Done: voro info read.
Done: voro info read.
Writing inside voro to mesh file ...
Starting preprocessing voro...

------ Euler Characteristic (of pruned voro diagram) -------
euler = V - E + F = 1
V / E / F / T / C = 360 / 570 / 211 / 0 / 1
------ (Euler) -------
done: inserting vertex data to kdtree.
sq. radius = 1.97531e-13
done: merging close vertices.
done: saving remaining vertices (after merging) into geometry struct.
done: updating validity tag for vertices.
done: updating radius function for vertices.
done: checking and handling edges degeneracy after merging.
done: checking and handling faces degeneracy after merging.
done: saving edges into geometry struct.
done: replacing old with new geometry struct.
done: updating sites for voro-faces.
time elapsed: 207 ms

------ Euler Characteristic (of after merging vts within 0.000000) -------
euler = V - E + F = 1
V / E / F / T / C = 65 / 136 / 72 / 0 / 1
------ (Euler) -------
Done preprocessing voro.
inside indices ready.
measures computed.
inside geometry obtained.
inside geometry compact-ified.
inside part extracted. 
writing to ply file... 
# vts/edges/faces: 65/160/96
range of measure: [1.41421,2.82843]
Done: inside voro info written.
writing radii to file d:\codes\My Projects\voxelvoro\data\cube\cube_5_ma.r
Done: 130 radii written to file d:\codes\My Projects\voxelvoro\data\cube\cube_5_ma.r
Done: writing radii to file. 
# args = 5
['surf2ma', '5', 'd:\\codes\\My Projects\\voxelvoro\\data\\cube\\cube.ply', '0']
level, scale = (3, 0.625)
using volume file: d:\codes\My Projects\voxelvoro\data\cube\cube_5.sog
[]


--------------------------------------------------
-----------PolyMender creates .sof/.sog-----------
--------------------------------------------------
mesh: d:\codes\My Projects\voxelvoro\data\cube\cube.ply
 PolyMender-dc "d:\codes\My Projects\voxelvoro\data\cube\cube.ply" 3 0.625 "d:\codes\My Projects\voxelvoro\data\cube\cube_5.sog" 


----------------------------------------------
-----------volume to voxel boundary-----------
----------------------------------------------
" voroUtil -md=vol2mesh -onlyBndryVts=false "d:\codes\My Projects\voxelvoro\data\cube\cube_5.sog" "d:\codes\My Projects\voxelvoro\data\cube\cube_5" "


----------------------------
-----------tetgen-----------
----------------------------


------------------------------
-----------renaming-----------
------------------------------


------------------------------------------------
-----------tetgen voro to mesh format-----------
------------------------------------------------
voroUtil -md=voro2mesh -needEuler -siteFile="d:\codes\My Projects\voxelvoro\data\cube\cube_5.node" "d:\codes\My Projects\voxelvoro\data\cube\cube_5.sog" "d:\codes\My Projects\voxelvoro\data\cube\cube_5" "d:\codes\My Projects\voxelvoro\data\cube\cube_5_ma.ply" -tt=0
